Server running on port 5000 in development mode
[0mGET /api/auth/seed-credentials [32m200[0m 32.081 ms - 299[0m
[0mGET /api/auth/seed-credentials [36m304[0m 1.253 ms - -[0m
prisma:query SELECT `main`.`User`.`id`, `main`.`User`.`email`, `main`.Restarting 'src/index.js'
Restarting 'src/index.js'
Restarting 'src/index.js'
Restarting 'src/index.js'
Failed running 'src/index.js'. Waiting for file changes before restarting...
Restarting 'src/index.js'
Failed running 'src/index.js'. Waiting for file changes before restarting...
Restarting 'src/index.js'
Failed running 'src/index.js'. Waiting for file changes before restarting...
Restarting 'src/index.js'
Restarting 'src/index.js'
Restarting 'src/index.js'
Restarting 'src/index.js'
Restarting 'src/index.js'
Failed running 'src/index.js'. Waiting for file changes before restarting...
Restarting 'src/index.js'
Restarting 'src/index.js'
Restarting 'src/index.js'
Restarting 'src/index.js'
Failed running 'src/index.js'. Waiting for file changes before restarting...
Restarting 'src/index.js'
Failed running 'src/index.js'. Waiting for file changes before restarting...
Restarting 'src/index.js'
Failed running 'src/index.js'. Waiting for file changes before restarting...
n` AS `refreshToken`, `resetToken` AS `resetToken`, `resetTokenExp` AS `resetTokenExp`, `createdAt` AS `createdAt`, `updatedAt` AS `updatedAt`
[0mPOST /api/auth/login [32m200[0m 704.842 ms - 907[0m
prisma:query SELECT COUNT(*) FROM (SELECT `main`.`Payment`.`id` FROM `main`.`Payment` WHERE `main`.`Payment`.`status` = ? LIMIT ? OFFSET ?) AS `sub`
prisma:query SELECT SUM(`amount`) FROM (SELECT `main`.`Payment`.`amount` FROM `main`.`Payment` WHERE `main`.`Payment`.`status` = ? LIMIT ? OFFSET ?) AS `sub`
prisma:query SELECT COUNT(*) FROM (SELECT `main`.`Booking`.`id` FROM `main`.`Booking` WHERE `main`.`Booking`.`status` = ? LIMIT ? OFFSET ?) AS `sub`
prisma:query SELECT `main`.`Booking`.`id`, `main`.`Booking`.`userId`, `main`.`Booking`.`carId`, `main`.`Booking`.`startDate`, `main`.`Booking`.`endDate`, `main`.`Booking`.`pickupLocation`, `main`.`Booking`.`dropoffLocation`, `main`.`Booking`.`status`, `main`.`Booking`.`totalAmount`, `main`.`Booking`.`depositPaid`, `main`.`Booking`.`mileageOut`, `main`.`Booking`.`mileageIn`, `main`.`Booking`.`fuelAtPickup`, `main`.`Booking`.`fuelAtDropoff`, `main`.`Booking`.`notes`, `main`.`Booking`.`createdAt`, `main`.`Booking`.`updatedAt` FROM `main`.`Booking` WHERE 1=1 ORDER BY `main`.`Booking`.`createdAt` DESC LIMIT ? OFFSET ?
prisma:query SELECT COUNT(*) FROM (SELECT `main`.`Booking`.`id` FROM `main`.`Booking` WHERE 1=1 LIMIT ? OFFSET ?) AS `sub`
[0mGET /api/bookings/all?limit=5 [36m304[0m 15.625 ms - -[0m
prisma:query SELECT COUNT(*) FROM (SELECT `main`.`Car`.`id` FROM `main`.`Car` WHERE (`main`.`Car`.`isActive` = ? AND `main`.`Car`.`isAvailable` = ?) LIMIT ? OFFSET ?) AS `sub`
prisma:query SELECT COUNT(*) FROM (SELECT `main`.`User`.`id` FROM `main`.`User` WHERE `main`.`User`.`role` = ? LIMIT ? OFFSET ?) AS `sub`
prisma:query SELECT COUNT(*) FROM (SELECT `main`.`Car`.`id` FROM `main`.`Car` WHERE `main`.`Car`.`isActive` = ? LIMIT ? OFFSET ?) AS `sub`
prisma:query SELECT COUNT(*) FROM (SELECT `main`.`Booking`.`id` FROM `main`.`Booking` WHERE 1=1 LIMIT ? OFFSET ?) AS `sub`
prisma:query SELECT COUNT(*) FROM (SELECT `main`.`Booking`.`id` FROM `main`.`Booking` WHERE `main`.`Booking`.`status` = ? LIMIT ? OFFSET ?) AS `sub`
prisma:query SELECT COUNT(*) FROM (SELECT `main`.`User`.`id` FROM `main`.`User` WHERE `main`.`User`.`role` = ? LIMIT ? OFFSET ?) AS `sub`
[0mGET /api/reports/dashboard [32m200[0m 29.058 ms - 171[0m
prisma:query SELECT `main`.`User`.`id`, `main`.`User`.`email`, `main`.`User`.`firstName`, `main`.`User`.`lastName`, `main`.`User`.`phone`, `main`.`User`.`invoiceImage`, `main`.`User`.`companyId`, `main`.`User`.`role`, `main`.`User`.`isActive`, `main`.`User`.`isVerified`, `main`.`User`.`createdAt`, `main`.`User`.`updatedAt` FROM `main`.`User` WHERE `main`.`User`.`role` = ? ORDER BY `main`.`User`.`createdAt` DESC LIMIT ? OFFSET ?
[0mGET /api/users?limit=1&role=STAFF [32m200[0m 44.515 ms - 389[0m
prisma:query SELECT COUNT(*) FROM (SELECT `main`.`Payment`.`id` FROM `main`.`Payment` WHERE `main`.`Payment`.`status` = ? LIMIT ? OFFSET ?) AS `sub`
prisma:query SELECT SUM(`amount`) FROM (SELECT `main`.`Payment`.`amount` FROM `main`.`Payment` WHERE `main`.`Payment`.`status` = ? LIMIT ? OFFSET ?) AS `sub`
prisma:query SELECT COUNT(*) FROM (SELECT `main`.`Booking`.`id` FROM `main`.`Booking` WHERE `main`.`Booking`.`status` = ? LIMIT ? OFFSET ?) AS `sub`
prisma:query SELECT `main`.`User`.`id`, `main`.`User`.`email`, `main`.`User`.`firstName`, `main`.`User`.`lastName`, `main`.`User`.`phone`, `main`.`User`.`invoiceImage`, `main`.`User`.`companyId`, `main`.`User`.`role`, `main`.`User`.`isActive`, `main`.`User`.`isVerified`, `main`.`User`.`createdAt`, `main`.`User`.`updatedAt` FROM `main`.`User` WHERE `main`.`User`.`role` = ? ORDER BY `main`.`User`.`createdAt` DESC LIMIT ? OFFSET ?
prisma:query SELECT COUNT(*) FROM (SELECT `main`.`User`.`id` FROM `main`.`User` WHERE `main`.`User`.`role` = ? LIMIT ? OFFSET ?) AS `sub`
prisma:query SELECT COUNT(*) FROM (SELECT `main`.`Car`.`id` FROM `main`.`Car` WHERE (`main`.`Car`.`isActive` = ? AND `main`.`Car`.`isAvailable` = ?) LIMIT ? OFFSET ?) AS `sub`
prisma:query SELECT COUNT(*) FROM (SELECT `main`.`Booking`.`id` FROM `main`.`Booking` WHERE 1=1 LIMIT ? OFFSET ?) AS `sub`
prisma:query SELECT COUNT(*) FROM (SELECT `main`.`Car`.`id` FROM `main`.`Car` WHERE `main`.`Car`.`isActive` = ? LIMIT ? OFFSET ?) AS `sub`
prisma:query SELECT COUNT(*) FROM (SELECT `main`.`Booking`.`id` FROM `main`.`Booking` WHERE 1=1 LIMIT ? OFFSET ?) AS `sub`
prisma:query SELECT COUNT(*) FROM (SELECT `main`.`Booking`.`id` FROM `main`.`Booking` WHERE `main`.`Booking`.`status` = ? LIMIT ? OFFSET ?) AS `sub`
prisma:query SELECT COUNT(*) FROM (SELECT `main`.`User`.`id` FROM `main`.`User` WHERE `main`.`User`.`role` = ? LIMIT ? OFFSET ?) AS `sub`
[0mGET /api/users?limit=1&role=STAFF [36m304[0m 111.128 ms - -[0m
[0mGET /api/reports/dashboard [36m304[0m 120.936 ms - -[0m
prisma:query SELECT `main`.`Booking`.`id`, `main`.`Booking`.`userId`, `main`.`Booking`.`carId`, `main`.`Booking`.`startDate`, `main`.`Booking`.`endDate`, `main`.`Booking`.`pickupLocation`, `main`.`Booking`.`dropoffLocation`, `main`.`Booking`.`status`, `main`.`Booking`.`totalAmount`, `main`.`Booking`.`depositPaid`, `main`.`Booking`.`mileageOut`, `main`.`Booking`.`mileageIn`, `main`.`Booking`.`fuelAtPickup`, `main`.`Booking`.`fuelAtDropoff`, `main`.`Booking`.`notes`, `main`.`Booking`.`createdAt`, `main`.`Booking`.`updatedAt` FROM `main`.`Booking` WHERE 1=1 ORDER BY `main`.`Booking`.`createdAt` DESC LIMIT ? OFFSET ?
[0mGET /api/bookings/all?limit=5 [36m304[0m 174.434 ms - -[0m
[0mGET /api/auth/profile [33m401[0m 12.800 ms - 55[0m
[0mPOST /api/auth/refresh [33m401[0m 38.526 ms - 52[0m
[0mGET /api/auth/profile [33m401[0m 2.711 ms - 55[0m
[0mGET /api/auth/seed-credentials [32m200[0m 0.492 ms - 299[0m
[0mGET /api/auth/seed-credentials [36m304[0m 0.761 ms - -[0m
[0mGET /api/auth/seed-credentials [32m200[0m 0.398 ms - 299[0m
[0mGET /api/auth/seed-credentials [36m304[0m 0.431 ms - -[0m
prisma:query SELECT 1
prisma:query SELECT `main`.`User`.`id`, `main`.`User`.`email`, `main`.`User`.`passwordHash`, `main`.`User`.`firstName`, `main`.`User`.`lastName`, `main`.`User`.`phone`, `main`.`User`.`address`, `main`.`User`.`driverLicense`, `main`.`User`.`invoiceImage`, `main`.`User`.`companyId`, `main`.`User`.`role`, `main`.`User`.`isVerified`, `main`.`User`.`isActive`, `main`.`User`.`refreshToken`, `main`.`User`.`resetToken`, `main`.`User`.`resetTokenExp`, `main`.`User`.`createdAt`, `main`.`User`.`updatedAt` FROM `main`.`User` WHERE (`main`.`User`.`email` = ? AND 1=1) LIMIT ? OFFSET ?
prisma:query UPDATE `main`.`User` SET `refreshToken` = ?, `updatedAt` = ? WHERE (`main`.`User`.`id` = ? AND 1=1) RETURNING `id` AS `id`, `email` AS `email`, `passwordHash` AS `passwordHash`, `firstName` AS `firstName`, `lastName` AS `lastName`, `phone` AS `phone`, `address` AS `address`, `driverLicense` AS `driverLicense`, `invoiceImage` AS `invoiceImage`, `companyId` AS `companyId`, `role` AS `role`, `isVerified` AS `isVerified`, `isActive` AS `isActive`, `refreshToken` AS `refreshToken`, `resetToken` AS `resetToken`, `resetTokenExp` AS `resetTokenExp`, `createdAt` AS `createdAt`, `updatedAt` AS `updatedAt`
[0mPOST /api/auth/login [32m200[0m 601.945 ms - 907[0m
prisma:query SELECT COUNT(*) FROM (SELECT `main`.`Booking`.`id` FROM `main`.`Booking` WHERE 1=1 LIMIT ? OFFSET ?) AS `sub`
prisma:query SELECT COUNT(*) FROM (SELECT `main`.`Car`.`id` FROM `main`.`Car` WHERE (`main`.`Car`.`isActive` = ? AND `main`.`Car`.`isAvailable` = ?) LIMIT ? OFFSET ?) AS `sub`
prisma:query SELECT COUNT(*) FROM (SELECT `main`.`Car`.`id` FROM `main`.`Car` WHERE `main`.`Car`.`isActive` = ? LIMIT ? OFFSET ?) AS `sub`
prisma:query SELECT COUNT(*) FROM (SELECT `main`.`Booking`.`id` FROM `main`.`Booking` WHERE `main`.`Booking`.`status` = ? LIMIT ? OFFSET ?) AS `sub`
prisma:query SELECT COUNT(*) FROM (SELECT `main`.`Booking`.`id` FROM `main`.`Booking` WHERE `main`.`Booking`.`status` = ? LIMIT ? OFFSET ?) AS `sub`
prisma:query SELECT 1
prisma:query SELECT COUNT(*) FROM (SELECT `main`.`User`.`id` FROM `main`.`User` WHERE `main`.`User`.`role` = ? LIMIT ? OFFSET ?) AS `sub`
prisma:query SELECT COUNT(*) FROM (SELECT `main`.`Payment`.`id` FROM `main`.`Payment` WHERE `main`.`Payment`.`status` = ? LIMIT ? OFFSET ?) AS `sub`
prisma:query SELECT SUM(`amount`) FROM (SELECT `main`.`Payment`.`amount` FROM `main`.`Payment` WHERE `main`.`Payment`.`status` = ? LIMIT ? OFFSET ?) AS `sub`
prisma:query SELECT COUNT(*) FROM (SELECT `main`.`Booking`.`id` FROM `main`.`Booking` WHERE 1=1 LIMIT ? OFFSET ?) AS `sub`
prisma:query SELECT `main`.`Booking`.`id`, `main`.`Booking`.`userId`, `main`.`Booking`.`carId`, `main`.`Booking`.`startDate`, `main`.`Booking`.`endDate`, `main`.`Booking`.`pickupLocation`, `main`.`Booking`.`dropoffLocation`, `main`.`Booking`.`status`, `main`.`Booking`.`totalAmount`, `main`.`Booking`.`depositPaid`, `main`.`Booking`.`mileageOut`, `main`.`Booking`.`mileageIn`, `main`.`Booking`.`fuelAtPickup`, `main`.`Booking`.`fuelAtDropoff`, `main`.`Booking`.`notes`, `main`.`Booking`.`createdAt`, `main`.`Booking`.`updatedAt` FROM `main`.`Booking` WHERE 1=1 ORDER BY `main`.`Booking`.`createdAt` DESC LIMIT ? OFFSET ?
prisma:query SELECT COUNT(*) FROM (SELECT `main`.`User`.`id` FROM `main`.`User` WHERE `main`.`User`.`role` = ? LIMIT ? OFFSET ?) AS `sub`
prisma:query SELECT `main`.`User`.`id`, `main`.`User`.`email`, `main`.`User`.`firstName`, `main`.`User`.`lastName`, `main`.`User`.`phone`, `main`.`User`.`invoiceImage`, `main`.`User`.`companyId`, `main`.`User`.`role`, `main`.`User`.`isActive`, `main`.`User`.`isVerified`, `main`.`User`.`createdAt`, `main`.`User`.`updatedAt` FROM `main`.`User` WHERE `main`.`User`.`role` = ? ORDER BY `main`.`User`.`createdAt` DESC LIMIT ? OFFSET ?
[0mGET /api/reports/dashboard [32m200[0m 138.738 ms - 171[0m
[0mGET /api/bookings/all?limit=5 [32m200[0m 84.964 ms - 89[0m
[0mGET /api/users?limit=1&role=STAFF [32m200[0m 90.802 ms - 389[0m
prisma:query SELECT COUNT(*) FROM (SELECT `main`.`Car`.`id` FROM `main`.`Car` WHERE `main`.`Car`.`isActive` = ? LIMIT ? OFFSET ?) AS `sub`
prisma:query SELECT COUNT(*) FROM (SELECT `main`.`Car`.`id` FROM `main`.`Car` WHERE (`main`.`Car`.`isActive` = ? AND `main`.`Car`.`isAvailable` = ?) LIMIT ? OFFSET ?) AS `sub`
prisma:query SELECT COUNT(*) FROM (SELECT `main`.`Payment`.`id` FROM `main`.`Payment` WHERE `main`.`Payment`.`status` = ? LIMIT ? OFFSET ?) AS `sub`
prisma:query SELECT SUM(`amount`) FROM (SELECT `main`.`Payment`.`amount` FROM `main`.`Payment` WHERE `main`.`Payment`.`status` = ? LIMIT ? OFFSET ?) AS `sub`
prisma:query SELECT COUNT(*) FROM (SELECT `main`.`Booking`.`id` FROM `main`.`Booking` WHERE 1=1 LIMIT ? OFFSET ?) AS `sub`
prisma:query SELECT COUNT(*) FROM (SELECT `main`.`Booking`.`id` FROM `main`.`Booking` WHERE `main`.`Booking`.`status` = ? LIMIT ? OFFSET ?) AS `sub`
prisma:query SELECT COUNT(*) FROM (SELECT `main`.`Booking`.`id` FROM `main`.`Booking` WHERE `main`.`Booking`.`status` = ? LIMIT ? OFFSET ?) AS `sub`
prisma:query SELECT COUNT(*) FROM (SELECT `main`.`User`.`id` FROM `main`.`User` WHERE `main`.`User`.`role` = ? LIMIT ? OFFSET ?) AS `sub`
prisma:query SELECT COUNT(*) FROM (SELECT `main`.`Booking`.`id` FROM `main`.`Booking` WHERE 1=1 LIMIT ? OFFSET ?) AS `sub`
prisma:query SELECT COUNT(*) FROM (SELECT `main`.`User`.`id` FROM `main`.`User` WHERE `main`.`User`.`role` = ? LIMIT ? OFFSET ?) AS `sub`
prisma:query SELECT `main`.`User`.`id`, `main`.`User`.`email`, `main`.`User`.`firstName`, `main`.`User`.`lastName`, `main`.`User`.`phone`, `main`.`User`.`invoiceImage`, `main`.`User`.`companyId`, `main`.`User`.`role`, `main`.`User`.`isActive`, `main`.`User`.`isVerified`, `main`.`User`.`createdAt`, `main`.`User`.`updatedAt` FROM `main`.`User` WHERE `main`.`User`.`role` = ? ORDER BY `main`.`User`.`createdAt` DESC LIMIT ? OFFSET ?
[0mGET /api/reports/dashboard [36m304[0m 81.038 ms - -[0m
[0mGET /api/users?limit=1&role=STAFF [36m304[0m 82.843 ms - -[0m
prisma:query SELECT `main`.`Booking`.`id`, `main`.`Booking`.`userId`, `main`.`Booking`.`carId`, `main`.`Booking`.`startDate`, `main`.`Booking`.`endDate`, `main`.`Booking`.`pickupLocation`, `main`.`Booking`.`dropoffLocation`, `main`.`Booking`.`status`, `main`.`Booking`.`totalAmount`, `main`.`Booking`.`depositPaid`, `main`.`Booking`.`mileageOut`, `main`.`Booking`.`mileageIn`, `main`.`Booking`.`fuelAtPickup`, `main`.`Booking`.`fuelAtDropoff`, `main`.`Booking`.`notes`, `main`.`Booking`.`createdAt`, `main`.`Booking`.`updatedAt` FROM `main`.`Booking` WHERE 1=1 ORDER BY `main`.`Booking`.`createdAt` DESC LIMIT ? OFFSET ?
[0mGET /api/bookings/all?limit=5 [36m304[0m 93.326 ms - -[0m
prisma:query SELECT 1
prisma:query SELECT COUNT(*) FROM (SELECT `main`.`Booking`.`id` FROM `main`.`Booking` WHERE `main`.`Booking`.`userId` = ? LIMIT ? OFFSET ?) AS `sub`
prisma:query SELECT `main`.`Booking`.`id`, `main`.`Booking`.`userId`, `main`.`Booking`.`carId`, `main`.`Booking`.`startDate`, `main`.`Booking`.`endDate`, `main`.`Booking`.`pickupLocation`, `main`.`Booking`.`dropoffLocation`, `main`.`Booking`.`status`, `main`.`Booking`.`totalAmount`, `main`.`Booking`.`depositPaid`, `main`.`Booking`.`mileageOut`, `main`.`Booking`.`mileageIn`, `main`.`Booking`.`fuelAtPickup`, `main`.`Booking`.`fuelAtDropoff`, `main`.`Booking`.`notes`, `main`.`Booking`.`createdAt`, `main`.`Booking`.`updatedAt` FROM `main`.`Booking` WHERE `main`.`Booking`.`userId` = ? ORDER BY `main`.`Booking`.`createdAt` DESC LIMIT ? OFFSET ?
[0mGET /api/bookings [32m200[0m 22.308 ms - 90[0m
prisma:query SELECT `main`.`Booking`.`id`, `main`.`Booking`.`userId`, `main`.`Booking`.`carId`, `main`.`Booking`.`startDate`, `main`.`Booking`.`endDate`, `main`.`Booking`.`pickupLocation`, `main`.`Booking`.`dropoffLocation`, `main`.`Booking`.`status`, `main`.`Booking`.`totalAmount`, `main`.`Booking`.`depositPaid`, `main`.`Booking`.`mileageOut`, `main`.`Booking`.`mileageIn`, `main`.`Booking`.`fuelAtPickup`, `main`.`Booking`.`fuelAtDropoff`, `main`.`Booking`.`notes`, `main`.`Booking`.`createdAt`, `main`.`Booking`.`updatedAt` FROM `main`.`Booking` WHERE `main`.`Booking`.`userId` = ? ORDER BY `main`.`Booking`.`createdAt` DESC LIMIT ? OFFSET ?
prisma:query SELECT COUNT(*) FROM (SELECT `main`.`Booking`.`id` FROM `main`.`Booking` WHERE `main`.`Booking`.`userId` = ? LIMIT ? OFFSET ?) AS `sub`
[0mGET /api/bookings [36m304[0m 26.366 ms - -[0m
prisma:query SELECT COUNT(*) FROM (SELECT `main`.`Car`.`id` FROM `main`.`Car` WHERE (`main`.`Car`.`isActive` = ? AND `main`.`Car`.`isAvailable` = ?) LIMIT ? OFFSET ?) AS `sub`
prisma:query SELECT COUNT(*) FROM (SELECT `main`.`Payment`.`id` FROM `main`.`Payment` WHERE `main`.`Payment`.`status` = ? LIMIT ? OFFSET ?) AS `sub`
prisma:query SELECT 1
prisma:query SELECT COUNT(*) FROM (SELECT `main`.`Car`.`id` FROM `main`.`Car` WHERE `main`.`Car`.`isActive` = ? LIMIT ? OFFSET ?) AS `sub`
prisma:query SELECT SUM(`amount`) FROM (SELECT `main`.`Payment`.`amount` FROM `main`.`Payment` WHERE `main`.`Payment`.`status` = ? LIMIT ? OFFSET ?) AS `sub`
prisma:query SELECT COUNT(*) FROM (SELECT `main`.`Booking`.`id` FROM `main`.`Booking` WHERE `main`.`Booking`.`status` = ? LIMIT ? OFFSET ?) AS `sub`
prisma:query SELECT COUNT(*) FROM (SELECT `main`.`Booking`.`id` FROM `main`.`Booking` WHERE 1=1 LIMIT ? OFFSET ?) AS `sub`
prisma:query SELECT COUNT(*) FROM (SELECT `main`.`Booking`.`id` FROM `main`.`Booking` WHERE 1=1 LIMIT ? OFFSET ?) AS `sub`
prisma:query SELECT COUNT(*) FROM (SELECT `main`.`Booking`.`id` FROM `main`.`Booking` WHERE `main`.`Booking`.`status` = ? LIMIT ? OFFSET ?) AS `sub`
prisma:query SELECT `main`.`Booking`.`id`, `main`.`Booking`.`userId`, `main`.`Booking`.`carId`, `main`.`Booking`.`startDate`, `main`.`Booking`.`endDate`, `main`.`Booking`.`pickupLocation`, `main`.`Booking`.`dropoffLocation`, `main`.`Booking`.`status`, `main`.`Booking`.`totalAmount`, `main`.`Booking`.`depositPaid`, `main`.`Booking`.`mileageOut`, `main`.`Booking`.`mileageIn`, `main`.`Booking`.`fuelAtPickup`, `main`.`Booking`.`fuelAtDropoff`, `main`.`Booking`.`notes`, `main`.`Booking`.`createdAt`, `main`.`Booking`.`updatedAt` FROM `main`.`Booking` WHERE 1=1 ORDER BY `main`.`Booking`.`createdAt` DESC LIMIT ? OFFSET ?
prisma:query SELECT 1
prisma:query SELECT `main`.`User`.`id`, `main`.`User`.`email`, `main`.`User`.`firstName`, `main`.`User`.`lastName`, `main`.`User`.`phone`, `main`.`User`.`invoiceImage`, `main`.`User`.`companyId`, `main`.`User`.`role`, `main`.`User`.`isActive`, `main`.`User`.`isVerified`, `main`.`User`.`createdAt`, `main`.`User`.`updatedAt` FROM `main`.`User` WHERE `main`.`User`.`role` = ? ORDER BY `main`.`User`.`createdAt` DESC LIMIT ? OFFSET ?
prisma:query SELECT COUNT(*) FROM (SELECT `main`.`User`.`id` FROM `main`.`User` WHERE `main`.`User`.`role` = ? LIMIT ? OFFSET ?) AS `sub`
prisma:query SELECT COUNT(*) FROM (SELECT `main`.`User`.`id` FROM `main`.`User` WHERE `main`.`User`.`role` = ? LIMIT ? OFFSET ?) AS `sub`
[0mGET /api/bookings/all?limit=5 [36m304[0m 35.148 ms - -[0m
[0mGET /api/reports/dashboard [36m304[0m 60.105 ms - -[0m
[0mGET /api/users?limit=1&role=STAFF [36m304[0m 49.920 ms - -[0m
prisma:query SELECT COUNT(*) FROM (SELECT `main`.`Booking`.`id` FROM `main`.`Booking` WHERE 1=1 LIMIT ? OFFSET ?) AS `sub`
prisma:query SELECT `main`.`Booking`.`id`, `main`.`Booking`.`userId`, `main`.`Booking`.`carId`, `main`.`Booking`.`startDate`, `main`.`Booking`.`endDate`, `main`.`Booking`.`pickupLocation`, `main`.`Booking`.`dropoffLocation`, `main`.`Booking`.`status`, `main`.`Booking`.`totalAmount`, `main`.`Booking`.`depositPaid`, `main`.`Booking`.`mileageOut`, `main`.`Booking`.`mileageIn`, `main`.`Booking`.`fuelAtPickup`, `main`.`Booking`.`fuelAtDropoff`, `main`.`Booking`.`notes`, `main`.`Booking`.`createdAt`, `main`.`Booking`.`updatedAt` FROM `main`.`Booking` WHERE 1=1 ORDER BY `main`.`Booking`.`createdAt` DESC LIMIT ? OFFSET ?
[0mGET /api/bookings/all?limit=5 [36m304[0m 9.220 ms - -[0m
prisma:query SELECT COUNT(*) FROM (SELECT `main`.`Car`.`id` FROM `main`.`Car` WHERE `main`.`Car`.`isActive` = ? LIMIT ? OFFSET ?) AS `sub`
prisma:query SELECT COUNT(*) FROM (SELECT `main`.`Car`.`id` FROM `main`.`Car` WHERE (`main`.`Car`.`isActive` = ? AND `main`.`Car`.`isAvailable` = ?) LIMIT ? OFFSET ?) AS `sub`
prisma:query SELECT COUNT(*) FROM (SELECT `main`.`Payment`.`id` FROM `main`.`Payment` WHERE `main`.`Payment`.`status` = ? LIMIT ? OFFSET ?) AS `sub`
prisma:query SELECT SUM(`amount`) FROM (SELECT `main`.`Payment`.`amount` FROM `main`.`Payment` WHERE `main`.`Payment`.`status` = ? LIMIT ? OFFSET ?) AS `sub`
prisma:query SELECT `main`.`User`.`id`, `main`.`User`.`email`, `main`.`User`.`firstName`, `main`.`User`.`lastName`, `main`.`User`.`phone`, `main`.`User`.`invoiceImage`, `main`.`User`.`companyId`, `main`.`User`.`role`, `main`.`User`.`isActive`, `main`.`User`.`isVerified`, `main`.`User`.`createdAt`, `main`.`User`.`updatedAt` FROM `main`.`User` WHERE `main`.`User`.`role` = ? ORDER BY `main`.`User`.`createdAt` DESC LIMIT ? OFFSET ?
prisma:query SELECT COUNT(*) FROM (SELECT `main`.`Booking`.`id` FROM `main`.`Booking` WHERE 1=1 LIMIT ? OFFSET ?) AS `sub`
prisma:query SELECT COUNT(*) FROM (SELECT `main`.`User`.`id` FROM `main`.`User` WHERE `main`.`User`.`role` = ? LIMIT ? OFFSET ?) AS `sub`
[0mGET /api/users?limit=1&role=STAFF [36m304[0m 4.886 ms - -[0m
prisma:query SELECT COUNT(*) FROM (SELECT `main`.`Booking`.`id` FROM `main`.`Booking` WHERE `main`.`Booking`.`status` = ? LIMIT ? OFFSET ?) AS `sub`
prisma:query SELECT COUNT(*) FROM (SELECT `main`.`User`.`id` FROM `main`.`User` WHERE `main`.`User`.`role` = ? LIMIT ? OFFSET ?) AS `sub`
prisma:query SELECT COUNT(*) FROM (SELECT `main`.`Booking`.`id` FROM `main`.`Booking` WHERE `main`.`Booking`.`status` = ? LIMIT ? OFFSET ?) AS `sub`
[0mGET /api/reports/dashboard [36m304[0m 18.355 ms - -[0m
prisma:query SELECT 1
prisma:query SELECT COUNT(*) FROM (SELECT `main`.`Booking`.`id` FROM `main`.`Booking` WHERE `main`.`Booking`.`userId` = ? LIMIT ? OFFSET ?) AS `sub`
prisma:query SELECT `main`.`Booking`.`id`, `main`.`Booking`.`userId`, `main`.`Booking`.`carId`, `main`.`Booking`.`startDate`, `main`.`Booking`.`endDate`, `main`.`Booking`.`pickupLocation`, `main`.`Booking`.`dropoffLocation`, `main`.`Booking`.`status`, `main`.`Booking`.`totalAmount`, `main`.`Booking`.`depositPaid`, `main`.`Booking`.`mileageOut`, `main`.`Booking`.`mileageIn`, `main`.`Booking`.`fuelAtPickup`, `main`.`Booking`.`fuelAtDropoff`, `main`.`Booking`.`notes`, `main`.`Booking`.`createdAt`, `main`.`Booking`.`updatedAt` FROM `main`.`Booking` WHERE `main`.`Booking`.`userId` = ? ORDER BY `main`.`Booking`.`createdAt` DESC LIMIT ? OFFSET ?
[0mGET /api/bookings [36m304[0m 13.858 ms - -[0m
prisma:query SELECT 1
prisma:query SELECT COUNT(*) FROM (SELECT `main`.`Booking`.`id` FROM `main`.`Booking` WHERE `main`.`Booking`.`userId` = ? LIMIT ? OFFSET ?) AS `sub`
prisma:query SELECT `main`.`Booking`.`id`, `main`.`Booking`.`userId`, `main`.`Booking`.`carId`, `main`.`Booking`.`startDate`, `main`.`Booking`.`endDate`, `main`.`Booking`.`pickupLocation`, `main`.`Booking`.`dropoffLocation`, `main`.`Booking`.`status`, `main`.`Booking`.`totalAmount`, `main`.`Booking`.`depositPaid`, `main`.`Booking`.`mileageOut`, `main`.`Booking`.`mileageIn`, `main`.`Booking`.`fuelAtPickup`, `main`.`Booking`.`fuelAtDropoff`, `main`.`Booking`.`notes`, `main`.`Booking`.`createdAt`, `main`.`Booking`.`updatedAt` FROM `main`.`Booking` WHERE `main`.`Booking`.`userId` = ? ORDER BY `main`.`Booking`.`createdAt` DESC LIMIT ? OFFSET ?
[0mGET /api/bookings [36m304[0m 4.165 ms - -[0m
prisma:query SELECT COUNT(*) FROM (SELECT `main`.`Booking`.`id` FROM `main`.`Booking` WHERE `main`.`Booking`.`status` = ? LIMIT ? OFFSET ?) AS `sub`
prisma:query SELECT COUNT(*) FROM (SELECT `main`.`Car`.`id` FROM `main`.`Car` WHERE `main`.`Car`.`isActive` = ? LIMIT ? OFFSET ?) AS `sub`
prisma:query SELECT SUM(`amount`) FROM (SELECT `main`.`Payment`.`amount` FROM `main`.`Payment` WHERE `main`.`Payment`.`status` = ? LIMIT ? OFFSET ?) AS `sub`
prisma:query SELECT 1
prisma:query SELECT COUNT(*) FROM (SELECT `main`.`Payment`.`id` FROM `main`.`Payment` WHERE `main`.`Payment`.`status` = ? LIMIT ? OFFSET ?) AS `sub`
prisma:query SELECT COUNT(*) FROM (SELECT `main`.`Booking`.`id` FROM `main`.`Booking` WHERE 1=1 LIMIT ? OFFSET ?) AS `sub`
prisma:query SELECT COUNT(*) FROM (SELECT `main`.`Booking`.`id` FROM `main`.`Booking` WHERE `main`.`Booking`.`status` = ? LIMIT ? OFFSET ?) AS `sub`
prisma:query SELECT COUNT(*) FROM (SELECT `main`.`User`.`id` FROM `main`.`User` WHERE `main`.`User`.`role` = ? LIMIT ? OFFSET ?) AS `sub`
prisma:query SELECT `main`.`Booking`.`id`, `main`.`Booking`.`userId`, `main`.`Booking`.`carId`, `main`.`Booking`.`startDate`, `main`.`Booking`.`endDate`, `main`.`Booking`.`pickupLocation`, `main`.`Booking`.`dropoffLocation`, `main`.`Booking`.`status`, `main`.`Booking`.`totalAmount`, `main`.`Booking`.`depositPaid`, `main`.`Booking`.`mileageOut`, `main`.`Booking`.`mileageIn`, `main`.`Booking`.`fuelAtPickup`, `main`.`Booking`.`fuelAtDropoff`, `main`.`Booking`.`notes`, `main`.`Booking`.`createdAt`, `main`.`Booking`.`updatedAt` FROM `main`.`Booking` WHERE 1=1 ORDER BY `main`.`Booking`.`createdAt` DESC LIMIT ? OFFSET ?
prisma:query SELECT COUNT(*) FROM (SELECT `main`.`Car`.`id` FROM `main`.`Car` WHERE (`main`.`Car`.`isActive` = ? AND `main`.`Car`.`isAvailable` = ?) LIMIT ? OFFSET ?) AS `sub`
prisma:query SELECT COUNT(*) FROM (SELECT `main`.`Booking`.`id` FROM `main`.`Booking` WHERE 1=1 LIMIT ? OFFSET ?) AS `sub`
prisma:query SELECT COUNT(*) FROM (SELECT `main`.`User`.`id` FROM `main`.`User` WHERE `main`.`User`.`role` = ? LIMIT ? OFFSET ?) AS `sub`
prisma:query SELECT `main`.`User`.`id`, `main`.`User`.`email`, `main`.`User`.`firstName`, `main`.`User`.`lastName`, `main`.`User`.`phone`, `main`.`User`.`invoiceImage`, `main`.`User`.`companyId`, `main`.`User`.`role`, `main`.`User`.`isActive`, `main`.`User`.`isVerified`, `main`.`User`.`createdAt`, `main`.`User`.`updatedAt` FROM `main`.`User` WHERE `main`.`User`.`role` = ? ORDER BY `main`.`User`.`createdAt` DESC LIMIT ? OFFSET ?
[0mGET /api/reports/dashboard [36m304[0m 27.260 ms - -[0m
[0mGET /api/bookings/all?limit=5 [36m304[0m 24.464 ms - -[0m
[0mGET /api/users?limit=1&role=STAFF [36m304[0m 35.244 ms - -[0m
prisma:query SELECT COUNT(*) FROM (SELECT `main`.`Payment`.`id` FROM `main`.`Payment` WHERE `main`.`Payment`.`status` = ? LIMIT ? OFFSET ?) AS `sub`
prisma:query SELECT COUNT(*) FROM (SELECT `main`.`Booking`.`id` FROM `main`.`Booking` WHERE `main`.`Booking`.`status` = ? LIMIT ? OFFSET ?) AS `sub`
prisma:query SELECT COUNT(*) FROM (SELECT `main`.`Car`.`id` FROM `main`.`Car` WHERE `main`.`Car`.`isActive` = ? LIMIT ? OFFSET ?) AS `sub`
prisma:query SELECT COUNT(*) FROM (SELECT `main`.`Car`.`id` FROM `main`.`Car` WHERE (`main`.`Car`.`isActive` = ? AND `main`.`Car`.`isAvailable` = ?) LIMIT ? OFFSET ?) AS `sub`
prisma:query SELECT COUNT(*) FROM (SELECT `main`.`Booking`.`id` FROM `main`.`Booking` WHERE 1=1 LIMIT ? OFFSET ?) AS `sub`
prisma:query SELECT SUM(`amount`) FROM (SELECT `main`.`Payment`.`amount` FROM `main`.`Payment` WHERE `main`.`Payment`.`status` = ? LIMIT ? OFFSET ?) AS `sub`
prisma:query SELECT COUNT(*) FROM (SELECT `main`.`User`.`id` FROM `main`.`User` WHERE `main`.`User`.`role` = ? LIMIT ? OFFSET ?) AS `sub`
prisma:query SELECT COUNT(*) FROM (SELECT `main`.`Booking`.`id` FROM `main`.`Booking` WHERE `main`.`Booking`.`status` = ? LIMIT ? OFFSET ?) AS `sub`
[0mGET /api/reports/dashboard [36m304[0m 18.798 ms - -[0m
prisma:query SELECT `main`.`Booking`.`id`, `main`.`Booking`.`userId`, `main`.`Booking`.`carId`, `main`.`Booking`.`startDate`, `main`.`Booking`.`endDate`, `main`.`Booking`.`pickupLocation`, `main`.`Booking`.`dropoffLocation`, `main`.`Booking`.`status`, `main`.`Booking`.`totalAmount`, `main`.`Booking`.`depositPaid`, `main`.`Booking`.`mileageOut`, `main`.`Booking`.`mileageIn`, `main`.`Booking`.`fuelAtPickup`, `main`.`Booking`.`fuelAtDropoff`, `main`.`Booking`.`notes`, `main`.`Booking`.`createdAt`, `main`.`Booking`.`updatedAt` FROM `main`.`Booking` WHERE 1=1 ORDER BY `main`.`Booking`.`createdAt` DESC LIMIT ? OFFSET ?
prisma:query SELECT COUNT(*) FROM (SELECT `main`.`Booking`.`id` FROM `main`.`Booking` WHERE 1=1 LIMIT ? OFFSET ?) AS `sub`
prisma:query SELECT COUNT(*) FROM (SELECT `main`.`User`.`id` FROM `main`.`User` WHERE `main`.`User`.`role` = ? LIMIT ? OFFSET ?) AS `sub`
prisma:query SELECT `main`.`User`.`id`, `main`.`User`.`email`, `main`.`User`.`firstName`, `main`.`User`.`lastName`, `main`.`User`.`phone`, `main`.`User`.`invoiceImage`, `main`.`User`.`companyId`, `main`.`User`.`role`, `main`.`User`.`isActive`, `main`.`User`.`isVerified`, `main`.`User`.`createdAt`, `main`.`User`.`updatedAt` FROM `main`.`User` WHERE `main`.`User`.`role` = ? ORDER BY `main`.`User`.`createdAt` DESC LIMIT ? OFFSET ?
[0mGET /api/bookings/all?limit=5 [36m304[0m 13.013 ms - -[0m
[0mGET /api/users?limit=1&role=STAFF [36m304[0m 12.537 ms - -[0m
prisma:query SELECT 1
prisma:query SELECT 1
prisma:query SELECT COUNT(*) FROM (SELECT `main`.`Booking`.`id` FROM `main`.`Booking` WHERE `main`.`Booking`.`createdAt` >= ? LIMIT ? OFFSET ?) AS `sub`
prisma:query SELECT COUNT(*) FROM (SELECT `main`.`Booking`.`id` FROM `main`.`Booking` WHERE (`main`.`Booking`.`status` = ? AND `main`.`Booking`.`updatedAt` >= ?) LIMIT ? OFFSET ?) AS `sub`
prisma:query SELECT `main`.`Payment`.`id`, `main`.`Payment`.`amount`, `main`.`Payment`.`paidAt`, `main`.`Payment`.`method` FROM `main`.`Payment` WHERE (`main`.`Payment`.`status` = ? AND `main`.`Payment`.`paidAt` >= ?) ORDER BY `main`.`Payment`.`paidAt` ASC LIMIT ? OFFSET ?
prisma:query SELECT COUNT(*), SUM(`main`.`Payment`.`amount`), `main`.`Payment`.`method` FROM `main`.`Payment` WHERE (`main`.`Payment`.`status` = ? AND `main`.`Payment`.`paidAt` >= ?) GROUP BY `main`.`Payment`.`method` LIMIT ? OFFSET ?
[0mGET /api/reports/revenue?days=30 [32m200[0m 16.413 ms - 49[0m
prisma:query SELECT COUNT(*), `main`.`Car`.`category` FROM `main`.`Car` WHERE 1=1 GROUP BY `main`.`Car`.`category` LIMIT ? OFFSET ?
prisma:query SELECT COUNT(*) FROM (SELECT `main`.`User`.`id` FROM `main`.`User` WHERE (`main`.`User`.`role` = ? AND `main`.`User`.`createdAt` >= ?) LIMIT ? OFFSET ?) AS `sub`
prisma:query SELECT SUM(`amount`) FROM (SELECT `main`.`Payment`.`amount` FROM `main`.`Payment` WHERE (`main`.`Payment`.`status` = ? AND `main`.`Payment`.`paidAt` >= ?) LIMIT ? OFFSET ?) AS `sub`
prisma:query SELECT `main`.`Payment`.`id`, `main`.`Payment`.`amount`, `main`.`Payment`.`paidAt`, `main`.`Payment`.`method` FROM `main`.`Payment` WHERE (`main`.`Payment`.`status` = ? AND `main`.`Payment`.`paidAt` >= ?) ORDER BY `main`.`Payment`.`paidAt` ASC LIMIT ? OFFSET ?
[0mGET /api/reports/revenue?days=30 [36m304[0m 8.677 ms - -[0m
prisma:query BEGIN IMMEDIATE
prisma:query SELECT `main`.`User`.`id` FROM `main`.`User` WHERE (`main`.`User`.`id` = ? AND 1=1) LIMIT ? OFFSET ?
prisma:query INSERT INTO `main`.`AuditLog` (`id`, `userId`, `action`, `entity`, `entityId`, `details`, `createdAt`) VALUES (?,?,?,?,?,?,?) RETURNING `id` AS `id`
prisma:query SELECT `main`.`AuditLog`.`id`, `main`.`AuditLog`.`userId`, `main`.`AuditLog`.`action`, `main`.`AuditLog`.`entity`, `main`.`AuditLog`.`entityId`, `main`.`AuditLog`.`details`, `main`.`AuditLog`.`createdAt` FROM `main`.`AuditLog` WHERE `main`.`AuditLog`.`id` = ? LIMIT ? OFFSET ?
prisma:query COMMIT
[0mGET /api/reports/weekly [32m200[0m 69.705 ms - 360[0m
prisma:query SELECT COUNT(*), `main`.`Car`.`category` FROM `main`.`Car` WHERE 1=1 GROUP BY `main`.`Car`.`category` LIMIT ? OFFSET ?
prisma:query SELECT COUNT(*), SUM(`main`.`Payment`.`amount`), `main`.`Payment`.`method` FROM `main`.`Payment` WHERE (`main`.`Payment`.`status` = ? AND `main`.`Payment`.`paidAt` >= ?) GROUP BY `main`.`Payment`.`method` LIMIT ? OFFSET ?
prisma:query SELECT COUNT(*) FROM (SELECT `main`.`Booking`.`id` FROM `main`.`Booking` WHERE `main`.`Booking`.`createdAt` >= ? LIMIT ? OFFSET ?) AS `sub`
prisma:query SELECT COUNT(*) FROM (SELECT `main`.`Booking`.`id` FROM `main`.`Booking` WHERE (`main`.`Booking`.`status` = ? AND `main`.`Booking`.`updatedAt` >= ?) LIMIT ? OFFSET ?) AS `sub`
prisma:query SELECT SUM(`amount`) FROM (SELECT `main`.`Payment`.`amount` FROM `main`.`Payment` WHERE (`main`.`Payment`.`status` = ? AND `main`.`Payment`.`paidAt` >= ?) LIMIT ? OFFSET ?) AS `sub`
prisma:query SELECT COUNT(*) FROM (SELECT `main`.`User`.`id` FROM `main`.`User` WHERE (`main`.`User`.`role` = ? AND `main`.`User`.`createdAt` >= ?) LIMIT ? OFFSET ?) AS `sub`
prisma:query BEGIN IMMEDIATE
prisma:query SELECT `main`.`User`.`id` FROM `main`.`User` WHERE (`main`.`User`.`id` = ? AND 1=1) LIMIT ? OFFSET ?
prisma:query INSERT INTO `main`.`AuditLog` (`id`, `userId`, `action`, `entity`, `entityId`, `details`, `createdAt`) VALUES (?,?,?,?,?,?,?) RETURNING `id` AS `id`
prisma:query SELECT `main`.`AuditLog`.`id`, `main`.`AuditLog`.`userId`, `main`.`AuditLog`.`action`, `main`.`AuditLog`.`entity`, `main`.`AuditLog`.`entityId`, `main`.`AuditLog`.`details`, `main`.`AuditLog`.`createdAt` FROM `main`.`AuditLog` WHERE `main`.`AuditLog`.`id` = ? LIMIT ? OFFSET ?
prisma:query COMMIT
[0mGET /api/reports/weekly [32m200[0m 74.210 ms - 360[0m
prisma:query SELECT 1
prisma:query SELECT COUNT(*) FROM (SELECT `main`.`Booking`.`id` FROM `main`.`Booking` WHERE (`main`.`Booking`.`status` = ? AND `main`.`Booking`.`updatedAt` >= ?) LIMIT ? OFFSET ?) AS `sub`
prisma:query SELECT COUNT(*), `main`.`Car`.`category` FROM `main`.`Car` WHERE 1=1 GROUP BY `main`.`Car`.`category` LIMIT ? OFFSET ?
prisma:query SELECT SUM(`amount`) FROM (SELECT `main`.`Payment`.`amount` FROM `main`.`Payment` WHERE (`main`.`Payment`.`status` = ? AND `main`.`Payment`.`paidAt` >= ?) LIMIT ? OFFSET ?) AS `sub`
prisma:query SELECT COUNT(*) FROM (SELECT `main`.`Booking`.`id` FROM `main`.`Booking` WHERE `main`.`Booking`.`createdAt` >= ? LIMIT ? OFFSET ?) AS `sub`
prisma:query SELECT 1
prisma:query SELECT COUNT(*), SUM(`main`.`Payment`.`amount`), `main`.`Payment`.`method` FROM `main`.`Payment` WHERE (`main`.`Payment`.`status` = ? AND `main`.`Payment`.`paidAt` >= ?) GROUP BY `main`.`Payment`.`method` LIMIT ? OFFSET ?
prisma:query SELECT COUNT(*) FROM (SELECT `main`.`User`.`id` FROM `main`.`User` WHERE (`main`.`User`.`role` = ? AND `main`.`User`.`createdAt` >= ?) LIMIT ? OFFSET ?) AS `sub`
prisma:query BEGIN IMMEDIATE
prisma:query SELECT `main`.`User`.`id` FROM `main`.`User` WHERE (`main`.`User`.`id` = ? AND 1=1) LIMIT ? OFFSET ?
prisma:query INSERT INTO `main`.`AuditLog` (`id`, `userId`, `action`, `entity`, `entityId`, `details`, `createdAt`) VALUES (?,?,?,?,?,?,?) RETURNING `id` AS `id`
prisma:query SELECT `main`.`AuditLog`.`id`, `main`.`AuditLog`.`userId`, `main`.`AuditLog`.`action`, `main`.`AuditLog`.`entity`, `main`.`AuditLog`.`entityId`, `main`.`AuditLog`.`details`, `main`.`AuditLog`.`createdAt` FROM `main`.`AuditLog` WHERE `main`.`AuditLog`.`id` = ? LIMIT ? OFFSET ?
prisma:query COMMIT
[0mGET /api/reports/weekly [32m200[0m 68.837 ms - 360[0m
prisma:query SELECT COUNT(*) FROM (SELECT `main`.`Booking`.`id` FROM `main`.`Booking` WHERE (`main`.`Booking`.`status` = ? AND `main`.`Booking`.`updatedAt` >= ?) LIMIT ? OFFSET ?) AS `sub`
prisma:query SELECT COUNT(*) FROM (SELECT `main`.`Booking`.`id` FROM `main`.`Booking` WHERE `main`.`Booking`.`createdAt` >= ? LIMIT ? OFFSET ?) AS `sub`
prisma:query SELECT COUNT(*), `main`.`Car`.`category` FROM `main`.`Car` WHERE 1=1 GROUP BY `main`.`Car`.`category` LIMIT ? OFFSET ?
prisma:query SELECT 1
prisma:query SELECT COUNT(*), SUM(`main`.`Payment`.`amount`), `main`.`Payment`.`method` FROM `main`.`Payment` WHERE (`main`.`Payment`.`status` = ? AND `main`.`Payment`.`paidAt` >= ?) GROUP BY `main`.`Payment`.`method` LIMIT ? OFFSET ?
prisma:query SELECT SUM(`amount`) FROM (SELECT `main`.`Payment`.`amount` FROM `main`.`Payment` WHERE (`main`.`Payment`.`status` = ? AND `main`.`Payment`.`paidAt` >= ?) LIMIT ? OFFSET ?) AS `sub`
prisma:query SELECT COUNT(*) FROM (SELECT `main`.`User`.`id` FROM `main`.`User` WHERE (`main`.`User`.`role` = ? AND `main`.`User`.`createdAt` >= ?) LIMIT ? OFFSET ?) AS `sub`
prisma:query BEGIN IMMEDIATE
prisma:query SELECT `main`.`User`.`id` FROM `main`.`User` WHERE (`main`.`User`.`id` = ? AND 1=1) LIMIT ? OFFSET ?
prisma:query INSERT INTO `main`.`AuditLog` (`id`, `userId`, `action`, `entity`, `entityId`, `details`, `createdAt`) VALUES (?,?,?,?,?,?,?) RETURNING `id` AS `id`
prisma:query SELECT `main`.`AuditLog`.`id`, `main`.`AuditLog`.`userId`, `main`.`AuditLog`.`action`, `main`.`AuditLog`.`entity`, `main`.`AuditLog`.`entityId`, `main`.`AuditLog`.`details`, `main`.`AuditLog`.`createdAt` FROM `main`.`AuditLog` WHERE `main`.`AuditLog`.`id` = ? LIMIT ? OFFSET ?
prisma:query COMMIT
[0mGET /api/reports/weekly [32m200[0m 26.103 ms - 360[0m
prisma:query SELECT 1
prisma:query SELECT COUNT(*) FROM (SELECT `main`.`AuditLog`.`id` FROM `main`.`AuditLog` WHERE 1=1 LIMIT ? OFFSET ?) AS `sub`
prisma:query SELECT `main`.`AuditLog`.`id`, `main`.`AuditLog`.`userId`, `main`.`AuditLog`.`action`, `main`.`AuditLog`.`entity`, `main`.`AuditLog`.`entityId`, `main`.`AuditLog`.`details`, `main`.`AuditLog`.`createdAt` FROM `main`.`AuditLog` WHERE 1=1 ORDER BY `main`.`AuditLog`.`createdAt` DESC LIMIT ? OFFSET ?
prisma:query SELECT `main`.`User`.`id`, `main`.`User`.`email`, `main`.`User`.`firstName`, `main`.`User`.`lastName` FROM `main`.`User` WHERE `main`.`User`.`id` IN (?) LIMIT ? OFFSET ?
[0mGET /api/audit-logs?page=1&limit=50 [32m200[0m 14.072 ms - 8527[0m
prisma:query SELECT `main`.`AuditLog`.`id`, `main`.`AuditLog`.`userId`, `main`.`AuditLog`.`action`, `main`.`AuditLog`.`entity`, `main`.`AuditLog`.`entityId`, `main`.`AuditLog`.`details`, `main`.`AuditLog`.`createdAt` FROM `main`.`AuditLog` WHERE 1=1 ORDER BY `main`.`AuditLog`.`createdAt` DESC LIMIT ? OFFSET ?
prisma:query SELECT `main`.`User`.`id`, `main`.`User`.`email`, `main`.`User`.`firstName`, `main`.`User`.`lastName` FROM `main`.`User` WHERE `main`.`User`.`id` IN (?) LIMIT ? OFFSET ?
prisma:query SELECT 1
prisma:query SELECT COUNT(*) FROM (SELECT `main`.`AuditLog`.`id` FROM `main`.`AuditLog` WHERE 1=1 LIMIT ? OFFSET ?) AS `sub`
[0mGET /api/audit-logs?page=1&limit=50 [36m304[0m 34.799 ms - -[0m
[0mGET /api/health [32m200[0m 0.574 ms - 86[0m
prisma:query SELECT 1
prisma:query SELECT `main`.`User`.`id`, `main`.`User`.`email`, `main`.`User`.`passwordHash`, `main`.`User`.`firstName`, `main`.`User`.`lastName`, `main`.`User`.`phone`, `main`.`User`.`address`, `main`.`User`.`driverLicense`, `main`.`User`.`invoiceImage`, `main`.`User`.`companyId`, `main`.`User`.`role`, `main`.`User`.`isVerified`, `main`.`User`.`isActive`, `main`.`User`.`refreshToken`, `main`.`User`.`resetToken`, `main`.`User`.`resetTokenExp`, `main`.`User`.`createdAt`, `main`.`User`.`updatedAt` FROM `main`.`User` WHERE (`main`.`User`.`email` = ? AND 1=1) LIMIT ? OFFSET ?
[0mPOST /api/auth/login [33m401[0m 9.159 ms - 56[0m
prisma:query SELECT `main`.`User`.`id`, `main`.`User`.`email`, `main`.`User`.`passwordHash`, `main`.`User`.`firstName`, `main`.`User`.`lastName`, `main`.`User`.`phone`, `main`.`User`.`address`, `main`.`User`.`driverLicense`, `main`.`User`.`invoiceImage`, `main`.`User`.`companyId`, `main`.`User`.`role`, `main`.`User`.`isVerified`, `main`.`User`.`isActive`, `main`.`User`.`refreshToken`, `main`.`User`.`resetToken`, `main`.`User`.`resetTokenExp`, `main`.`User`.`createdAt`, `main`.`User`.`updatedAt` FROM `main`.`User` WHERE (`main`.`User`.`email` = ? AND 1=1) LIMIT ? OFFSET ?
prisma:query UPDATE `main`.`User` SET `refreshToken` = ?, `updatedAt` = ? WHERE (`main`.`User`.`id` = ? AND 1=1) RETURNING `id` AS `id`, `email` AS `email`, `passwordHash` AS `passwordHash`, `firstName` AS `firstName`, `lastName` AS `lastName`, `phone` AS `phone`, `address` AS `address`, `driverLicense` AS `driverLicense`, `invoiceImage` AS `invoiceImage`, `companyId` AS `companyId`, `role` AS `role`, `isVerified` AS `isVerified`, `isActive` AS `isActive`, `refreshToken` AS `refreshToken`, `resetToken` AS `resetToken`, `resetTokenExp` AS `resetTokenExp`, `createdAt` AS `createdAt`, `updatedAt` AS `updatedAt`
[0mPOST /api/auth/login [32m200[0m 508.849 ms - 907[0m
prisma:query SELECT 1
prisma:query SELECT COUNT(*) FROM (SELECT `main`.`Payment`.`id` FROM `main`.`Payment` WHERE `main`.`Payment`.`status` = ? LIMIT ? OFFSET ?) AS `sub`
prisma:query SELECT COUNT(*) FROM (SELECT `main`.`Booking`.`id` FROM `main`.`Booking` WHERE `main`.`Booking`.`status` = ? LIMIT ? OFFSET ?) AS `sub`
prisma:query SELECT SUM(`amount`) FROM (SELECT `main`.`Payment`.`amount` FROM `main`.`Payment` WHERE `main`.`Payment`.`status` = ? LIMIT ? OFFSET ?) AS `sub`
prisma:query SELECT 1
prisma:query SELECT COUNT(*) FROM (SELECT `main`.`Car`.`id` FROM `main`.`Car` WHERE `main`.`Car`.`isActive` = ? LIMIT ? OFFSET ?) AS `sub`
prisma:query SELECT COUNT(*) FROM (SELECT `main`.`Booking`.`id` FROM `main`.`Booking` WHERE 1=1 LIMIT ? OFFSET ?) AS `sub`
prisma:query SELECT 1
prisma:query SELECT COUNT(*) FROM (SELECT `main`.`Car`.`id` FROM `main`.`Car` WHERE (`main`.`Car`.`isActive` = ? AND `main`.`Car`.`isAvailable` = ?) LIMIT ? OFFSET ?) AS `sub`
prisma:query SELECT COUNT(*) FROM (SELECT `main`.`Booking`.`id` FROM `main`.`Booking` WHERE `main`.`Booking`.`status` = ? LIMIT ? OFFSET ?) AS `sub`
prisma:query SELECT COUNT(*) FROM (SELECT `main`.`User`.`id` FROM `main`.`User` WHERE `main`.`User`.`role` = ? LIMIT ? OFFSET ?) AS `sub`
[0mGET /api/reports/dashboard [32m200[0m 44.632 ms - 171[0m
prisma:query SELECT COUNT(*), `main`.`Car`.`category` FROM `main`.`Car` WHERE 1=1 GROUP BY `main`.`Car`.`category` LIMIT ? OFFSET ?
prisma:query SELECT COUNT(*), SUM(`main`.`Payment`.`amount`), `main`.`Payment`.`method` FROM `main`.`Payment` WHERE (`main`.`Payment`.`status` = ? AND `main`.`Payment`.`paidAt` >= ? AND `main`.`Payment`.`paidAt` < ?) GROUP BY `main`.`Payment`.`method` LIMIT ? OFFSET ?
prisma:query SELECT COUNT(*) FROM (SELECT `main`.`Booking`.`id` FROM `main`.`Booking` WHERE (`main`.`Booking`.`status` = ? AND `main`.`Booking`.`updatedAt` >= ? AND `main`.`Booking`.`updatedAt` < ?) LIMIT ? OFFSET ?) AS `sub`
prisma:query SELECT COUNT(*) FROM (SELECT `main`.`Booking`.`id` FROM `main`.`Booking` WHERE (`main`.`Booking`.`createdAt` >= ? AND `main`.`Booking`.`createdAt` < ?) LIMIT ? OFFSET ?) AS `sub`
prisma:query SELECT COUNT(*) FROM (SELECT `main`.`User`.`id` FROM `main`.`User` WHERE (`main`.`User`.`role` = ? AND `main`.`User`.`createdAt` >= ? AND `main`.`User`.`createdAt` < ?) LIMIT ? OFFSET ?) AS `sub`
prisma:query SELECT SUM(`amount`) FROM (SELECT `main`.`Payment`.`amount` FROM `main`.`Payment` WHERE (`main`.`Payment`.`status` = ? AND `main`.`Payment`.`paidAt` >= ? AND `main`.`Payment`.`paidAt` < ?) LIMIT ? OFFSET ?) AS `sub`
prisma:query BEGIN IMMEDIATE
prisma:query SELECT `main`.`User`.`id` FROM `main`.`User` WHERE (`main`.`User`.`id` = ? AND 1=1) LIMIT ? OFFSET ?
prisma:query INSERT INTO `main`.`AuditLog` (`id`, `userId`, `action`, `entity`, `entityId`, `details`, `createdAt`) VALUES (?,?,?,?,?,?,?) RETURNING `id` AS `id`
prisma:query SELECT `main`.`AuditLog`.`id`, `main`.`AuditLog`.`userId`, `main`.`AuditLog`.`action`, `main`.`AuditLog`.`entity`, `main`.`AuditLog`.`entityId`, `main`.`AuditLog`.`details`, `main`.`AuditLog`.`createdAt` FROM `main`.`AuditLog` WHERE `main`.`AuditLog`.`id` = ? LIMIT ? OFFSET ?
prisma:query COMMIT
[0mGET /api/reports/daily [32m200[0m 95.560 ms - 359[0m
prisma:query SELECT COUNT(*), `main`.`Car`.`category` FROM `main`.`Car` WHERE 1=1 GROUP BY `main`.`Car`.`category` LIMIT ? OFFSET ?
prisma:query SELECT COUNT(*), SUM(`main`.`Payment`.`amount`), `main`.`Payment`.`method` FROM `main`.`Payment` WHERE (`main`.`Payment`.`status` = ? AND `main`.`Payment`.`paidAt` >= ?) GROUP BY `main`.`Payment`.`method` LIMIT ? OFFSET ?
prisma:query SELECT COUNT(*) FROM (SELECT `main`.`Booking`.`id` FROM `main`.`Booking` WHERE `main`.`Booking`.`createdAt` >= ? LIMIT ? OFFSET ?) AS `sub`
prisma:query SELECT SUM(`amount`) FROM (SELECT `main`.`Payment`.`amount` FROM `main`.`Payment` WHERE (`main`.`Payment`.`status` = ? AND `main`.`Payment`.`paidAt` >= ?) LIMIT ? OFFSET ?) AS `sub`
prisma:query SELECT COUNT(*) FROM (SELECT `main`.`User`.`id` FROM `main`.`User` WHERE (`main`.`User`.`role` = ? AND `main`.`User`.`createdAt` >= ?) LIMIT ? OFFSET ?) AS `sub`
prisma:query SELECT COUNT(*) FROM (SELECT `main`.`Booking`.`id` FROM `main`.`Booking` WHERE (`main`.`Booking`.`status` = ? AND `main`.`Booking`.`updatedAt` >= ?) LIMIT ? OFFSET ?) AS `sub`
prisma:query BEGIN IMMEDIATE
prisma:query SELECT `main`.`User`.`id` FROM `main`.`User` WHERE (`main`.`User`.`id` = ? AND 1=1) LIMIT ? OFFSET ?
prisma:query INSERT INTO `main`.`AuditLog` (`id`, `userId`, `action`, `entity`, `entityId`, `details`, `createdAt`) VALUES (?,?,?,?,?,?,?) RETURNING `id` AS `id`
prisma:query SELECT `main`.`AuditLog`.`id`, `main`.`AuditLog`.`userId`, `main`.`AuditLog`.`action`, `main`.`AuditLog`.`entity`, `main`.`AuditLog`.`entityId`, `main`.`AuditLog`.`details`, `main`.`AuditLog`.`createdAt` FROM `main`.`AuditLog` WHERE `main`.`AuditLog`.`id` = ? LIMIT ? OFFSET ?
prisma:query COMMIT
[0mGET /api/reports/weekly [32m200[0m 165.874 ms - 360[0m
prisma:query SELECT COUNT(*) FROM (SELECT `main`.`Booking`.`id` FROM `main`.`Booking` WHERE `main`.`Booking`.`createdAt` >= ? LIMIT ? OFFSET ?) AS `sub`
prisma:query SELECT COUNT(*), SUM(`main`.`Payment`.`amount`), `main`.`Payment`.`method` FROM `main`.`Payment` WHERE (`main`.`Payment`.`status` = ? AND `main`.`Payment`.`paidAt` >= ?) GROUP BY `main`.`Payment`.`method` LIMIT ? OFFSET ?
prisma:query SELECT SUM(`cost`) FROM (SELECT `main`.`MaintenanceLog`.`cost` FROM `main`.`MaintenanceLog` WHERE (`main`.`MaintenanceLog`.`createdAt` >= ? AND `main`.`MaintenanceLog`.`status` = ?) LIMIT ? OFFSET ?) AS `sub`
prisma:query SELECT SUM(`amount`) FROM (SELECT `main`.`Payment`.`amount` FROM `main`.`Payment` WHERE (`main`.`Payment`.`status` = ? AND `main`.`Payment`.`paidAt` >= ?) LIMIT ? OFFSET ?) AS `sub`
prisma:query SELECT COUNT(*) FROM (SELECT `main`.`Booking`.`id` FROM `main`.`Booking` WHERE (`main`.`Booking`.`status` = ? AND `main`.`Booking`.`updatedAt` >= ?) LIMIT ? OFFSET ?) AS `sub`
prisma:query SELECT COUNT(*), `main`.`Car`.`category` FROM `main`.`Car` WHERE 1=1 GROUP BY `main`.`Car`.`category` LIMIT ? OFFSET ?
prisma:query SELECT COUNT(*) FROM (SELECT `main`.`User`.`id` FROM `main`.`User` WHERE (`main`.`User`.`role` = ? AND `main`.`User`.`createdAt` >= ?) LIMIT ? OFFSET ?) AS `sub`
prisma:query BEGIN IMMEDIATE
prisma:query SELECT `main`.`User`.`id` FROM `main`.`User` WHERE (`main`.`User`.`id` = ? AND 1=1) LIMIT ? OFFSET ?
prisma:query INSERT INTO `main`.`AuditLog` (`id`, `userId`, `action`, `entity`, `entityId`, `details`, `createdAt`) VALUES (?,?,?,?,?,?,?) RETURNING `id` AS `id`
prisma:query SELECT `main`.`AuditLog`.`id`, `main`.`AuditLog`.`userId`, `main`.`AuditLog`.`action`, `main`.`AuditLog`.`entity`, `main`.`AuditLog`.`entityId`, `main`.`AuditLog`.`details`, `main`.`AuditLog`.`createdAt` FROM `main`.`AuditLog` WHERE `main`.`AuditLog`.`id` = ? LIMIT ? OFFSET ?
prisma:query COMMIT
[0mGET /api/reports/monthly [32m200[0m 34.602 ms - 382[0m
prisma:query SELECT 1
prisma:query SELECT COUNT(*) FROM (SELECT `main`.`User`.`id` FROM `main`.`User` WHERE `main`.`User`.`role` = ? LIMIT ? OFFSET ?) AS `sub`
prisma:query SELECT 1
prisma:query SELECT COUNT(*) FROM (SELECT `main`.`Car`.`id` FROM `main`.`Car` WHERE (`main`.`Car`.`isActive` = ? AND `main`.`Car`.`isAvailable` = ?) LIMIT ? OFFSET ?) AS `sub`
prisma:query SELECT COUNT(*) FROM (SELECT `main`.`Payment`.`id` FROM `main`.`Payment` WHERE `main`.`Payment`.`status` = ? LIMIT ? OFFSET ?) AS `sub`
prisma:query SELECT COUNT(*) FROM (SELECT `main`.`Booking`.`id` FROM `main`.`Booking` WHERE 1=1 LIMIT ? OFFSET ?) AS `sub`
prisma:query SELECT SUM(`amount`) FROM (SELECT `main`.`Payment`.`amount` FROM `main`.`Payment` WHERE `main`.`Payment`.`status` = ? LIMIT ? OFFSET ?) AS `sub`
prisma:query SELECT COUNT(*) FROM (SELECT `main`.`Booking`.`id` FROM `main`.`Booking` WHERE `main`.`Booking`.`status` = ? LIMIT ? OFFSET ?) AS `sub`
prisma:query SELECT COUNT(*) FROM (SELECT `main`.`Booking`.`id` FROM `main`.`Booking` WHERE `main`.`Booking`.`status` = ? LIMIT ? OFFSET ?) AS `sub`
prisma:query SELECT `main`.`User`.`id`, `main`.`User`.`email`, `main`.`User`.`firstName`, `main`.`User`.`lastName`, `main`.`User`.`phone`, `main`.`User`.`invoiceImage`, `main`.`User`.`companyId`, `main`.`User`.`role`, `main`.`User`.`isActive`, `main`.`User`.`isVerified`, `main`.`User`.`createdAt`, `main`.`User`.`updatedAt` FROM `main`.`User` WHERE `main`.`User`.`role` = ? ORDER BY `main`.`User`.`createdAt` DESC LIMIT ? OFFSET ?
prisma:query SELECT `main`.`Booking`.`id`, `main`.`Booking`.`userId`, `main`.`Booking`.`carId`, `main`.`Booking`.`startDate`, `main`.`Booking`.`endDate`, `main`.`Booking`.`pickupLocation`, `main`.`Booking`.`dropoffLocation`, `main`.`Booking`.`status`, `main`.`Booking`.`totalAmount`, `main`.`Booking`.`depositPaid`, `main`.`Booking`.`mileageOut`, `main`.`Booking`.`mileageIn`, `main`.`Booking`.`fuelAtPickup`, `main`.`Booking`.`fuelAtDropoff`, `main`.`Booking`.`notes`, `main`.`Booking`.`createdAt`, `main`.`Booking`.`updatedAt` FROM `main`.`Booking` WHERE 1=1 ORDER BY `main`.`Booking`.`createdAt` DESC LIMIT ? OFFSET ?
prisma:query SELECT COUNT(*) FROM (SELECT `main`.`User`.`id` FROM `main`.`User` WHERE `main`.`User`.`role` = ? LIMIT ? OFFSET ?) AS `sub`
prisma:query SELECT COUNT(*) FROM (SELECT `main`.`Car`.`id` FROM `main`.`Car` WHERE `main`.`Car`.`isActive` = ? LIMIT ? OFFSET ?) AS `sub`
prisma:query SELECT COUNT(*) FROM (SELECT `main`.`Booking`.`id` FROM `main`.`Booking` WHERE 1=1 LIMIT ? OFFSET ?) AS `sub`
[0mGET /api/users?limit=1&role=STAFF [36m304[0m 17.245 ms - -[0m
[0mGET /api/reports/dashboard [36m304[0m 23.730 ms - -[0m
[0mGET /api/bookings/all?limit=5 [36m304[0m 31.920 ms - -[0m
prisma:query SELECT COUNT(*) FROM (SELECT `main`.`User`.`id` FROM `main`.`User` WHERE `main`.`User`.`role` = ? LIMIT ? OFFSET ?) AS `sub`
prisma:query SELECT `main`.`User`.`id`, `main`.`User`.`email`, `main`.`User`.`firstName`, `main`.`User`.`lastName`, `main`.`User`.`phone`, `main`.`User`.`invoiceImage`, `main`.`User`.`companyId`, `main`.`User`.`role`, `main`.`User`.`isActive`, `main`.`User`.`isVerified`, `main`.`User`.`createdAt`, `main`.`User`.`updatedAt` FROM `main`.`User` WHERE `main`.`User`.`role` = ? ORDER BY `main`.`User`.`createdAt` DESC LIMIT ? OFFSET ?
prisma:query SELECT COUNT(*) FROM (SELECT `main`.`Car`.`id` FROM `main`.`Car` WHERE (`main`.`Car`.`isActive` = ? AND `main`.`Car`.`isAvailable` = ?) LIMIT ? OFFSET ?) AS `sub`
prisma:query SELECT 1
prisma:query SELECT COUNT(*) FROM (SELECT `main`.`Booking`.`id` FROM `main`.`Booking` WHERE 1=1 LIMIT ? OFFSET ?) AS `sub`
prisma:query SELECT COUNT(*) FROM (SELECT `main`.`Booking`.`id` FROM `main`.`Booking` WHERE `main`.`Booking`.`status` = ? LIMIT ? OFFSET ?) AS `sub`
prisma:query SELECT SUM(`amount`) FROM (SELECT `main`.`Payment`.`amount` FROM `main`.`Payment` WHERE `main`.`Payment`.`status` = ? LIMIT ? OFFSET ?) AS `sub`
prisma:query SELECT COUNT(*) FROM (SELECT `main`.`User`.`id` FROM `main`.`User` WHERE `main`.`User`.`role` = ? LIMIT ? OFFSET ?) AS `sub`
prisma:query SELECT COUNT(*) FROM (SELECT `main`.`Booking`.`id` FROM `main`.`Booking` WHERE `main`.`Booking`.`status` = ? LIMIT ? OFFSET ?) AS `sub`
prisma:query SELECT COUNT(*) FROM (SELECT `main`.`Payment`.`id` FROM `main`.`Payment` WHERE `main`.`Payment`.`status` = ? LIMIT ? OFFSET ?) AS `sub`
prisma:query SELECT `main`.`Booking`.`id`, `main`.`Booking`.`userId`, `main`.`Booking`.`carId`, `main`.`Booking`.`startDate`, `main`.`Booking`.`endDate`, `main`.`Booking`.`pickupLocation`, `main`.`Booking`.`dropoffLocation`, `main`.`Booking`.`status`, `main`.`Booking`.`totalAmount`, `main`.`Booking`.`depositPaid`, `main`.`Booking`.`mileageOut`, `main`.`Booking`.`mileageIn`, `main`.`Booking`.`fuelAtPickup`, `main`.`Booking`.`fuelAtDropoff`, `main`.`Booking`.`notes`, `main`.`Booking`.`createdAt`, `main`.`Booking`.`updatedAt` FROM `main`.`Booking` WHERE 1=1 ORDER BY `main`.`Booking`.`createdAt` DESC LIMIT ? OFFSET ?
prisma:query SELECT COUNT(*) FROM (SELECT `main`.`Booking`.`id` FROM `main`.`Booking` WHERE 1=1 LIMIT ? OFFSET ?) AS `sub`
prisma:query SELECT COUNT(*) FROM (SELECT `main`.`Car`.`id` FROM `main`.`Car` WHERE `main`.`Car`.`isActive` = ? LIMIT ? OFFSET ?) AS `sub`
[0mGET /api/users?limit=1&role=STAFF [36m304[0m 40.898 ms - -[0m
[0mGET /api/bookings/all?limit=5 [36m304[0m 16.972 ms - -[0m
[0mGET /api/reports/dashboard [36m304[0m 51.430 ms - -[0m
prisma:query SELECT `main`.`Payment`.`id`, `main`.`Payment`.`amount`, `main`.`Payment`.`paidAt`, `main`.`Payment`.`method` FROM `main`.`Payment` WHERE (`main`.`Payment`.`status` = ? AND `main`.`Payment`.`paidAt` >= ?) ORDER BY `main`.`Payment`.`paidAt` ASC LIMIT ? OFFSET ?
prisma:query SELECT COUNT(*) FROM (SELECT `main`.`Booking`.`id` FROM `main`.`Booking` WHERE `main`.`Booking`.`createdAt` >= ? LIMIT ? OFFSET ?) AS `sub`
prisma:query SELECT COUNT(*), `main`.`Car`.`category` FROM `main`.`Car` WHERE 1=1 GROUP BY `main`.`Car`.`category` LIMIT ? OFFSET ?
prisma:query SELECT COUNT(*) FROM (SELECT `main`.`Booking`.`id` FROM `main`.`Booking` WHERE (`main`.`Booking`.`status` = ? AND `main`.`Booking`.`updatedAt` >= ?) LIMIT ? OFFSET ?) AS `sub`
prisma:query SELECT SUM(`amount`) FROM (SELECT `main`.`Payment`.`amount` FROM `main`.`Payment` WHERE (`main`.`Payment`.`status` = ? AND `main`.`Payment`.`paidAt` >= ?) LIMIT ? OFFSET ?) AS `sub`
prisma:query SELECT COUNT(*), SUM(`main`.`Payment`.`amount`), `main`.`Payment`.`method` FROM `main`.`Payment` WHERE (`main`.`Payment`.`status` = ? AND `main`.`Payment`.`paidAt` >= ?) GROUP BY `main`.`Payment`.`method` LIMIT ? OFFSET ?
prisma:query SELECT COUNT(*) FROM (SELECT `main`.`User`.`id` FROM `main`.`User` WHERE (`main`.`User`.`role` = ? AND `main`.`User`.`createdAt` >= ?) LIMIT ? OFFSET ?) AS `sub`
[0mGET /api/reports/revenue?days=30 [36m304[0m 19.403 ms - -[0m
prisma:query BEGIN IMMEDIATE
prisma:query SELECT `main`.`User`.`id` FROM `main`.`User` WHERE (`main`.`User`.`id` = ? AND 1=1) LIMIT ? OFFSET ?
prisma:query SELECT `main`.`Payment`.`id`, `main`.`Payment`.`amount`, `main`.`Payment`.`paidAt`, `main`.`Payment`.`method` FROM `main`.`Payment` WHERE (`main`.`Payment`.`status` = ? AND `main`.`Payment`.`paidAt` >= ?) ORDER BY `main`.`Payment`.`paidAt` ASC LIMIT ? OFFSET ?
[0mGET /api/reports/revenue?days=30 [36m304[0m 3.080 ms - -[0m
prisma:query INSERT INTO `main`.`AuditLog` (`id`, `userId`, `action`, `entity`, `entityId`, `details`, `createdAt`) VALUES (?,?,?,?,?,?,?) RETURNING `id` AS `id`
prisma:query SELECT `main`.`AuditLog`.`id`, `main`.`AuditLog`.`userId`, `main`.`AuditLog`.`action`, `main`.`AuditLog`.`entity`, `main`.`AuditLog`.`entityId`, `main`.`AuditLog`.`details`, `main`.`AuditLog`.`createdAt` FROM `main`.`AuditLog` WHERE `main`.`AuditLog`.`id` = ? LIMIT ? OFFSET ?
prisma:query COMMIT
[0mGET /api/reports/weekly [32m200[0m 49.642 ms - 360[0m
prisma:query SELECT COUNT(*) FROM (SELECT `main`.`Booking`.`id` FROM `main`.`Booking` WHERE `main`.`Booking`.`createdAt` >= ? LIMIT ? OFFSET ?) AS `sub`
prisma:query SELECT COUNT(*), SUM(`main`.`Payment`.`amount`), `main`.`Payment`.`method` FROM `main`.`Payment` WHERE (`main`.`Payment`.`status` = ? AND `main`.`Payment`.`paidAt` >= ?) GROUP BY `main`.`Payment`.`method` LIMIT ? OFFSET ?
prisma:query SELECT COUNT(*), `main`.`Car`.`category` FROM `main`.`Car` WHERE 1=1 GROUP BY `main`.`Car`.`category` LIMIT ? OFFSET ?
prisma:query SELECT COUNT(*) FROM (SELECT `main`.`Booking`.`id` FROM `main`.`Booking` WHERE (`main`.`Booking`.`status` = ? AND `main`.`Booking`.`updatedAt` >= ?) LIMIT ? OFFSET ?) AS `sub`
prisma:query SELECT SUM(`amount`) FROM (SELECT `main`.`Payment`.`amount` FROM `main`.`Payment` WHERE (`main`.`Payment`.`status` = ? AND `main`.`Payment`.`paidAt` >= ?) LIMIT ? OFFSET ?) AS `sub`
prisma:query SELECT COUNT(*) FROM (SELECT `main`.`User`.`id` FROM `main`.`User` WHERE (`main`.`User`.`role` = ? AND `main`.`User`.`createdAt` >= ?) LIMIT ? OFFSET ?) AS `sub`
prisma:query BEGIN IMMEDIATE
prisma:query SELECT `main`.`User`.`id` FROM `main`.`User` WHERE (`main`.`User`.`id` = ? AND 1=1) LIMIT ? OFFSET ?
prisma:query INSERT INTO `main`.`AuditLog` (`id`, `userId`, `action`, `entity`, `entityId`, `details`, `createdAt`) VALUES (?,?,?,?,?,?,?) RETURNING `id` AS `id`
prisma:query SELECT `main`.`AuditLog`.`id`, `main`.`AuditLog`.`userId`, `main`.`AuditLog`.`action`, `main`.`AuditLog`.`entity`, `main`.`AuditLog`.`entityId`, `main`.`AuditLog`.`details`, `main`.`AuditLog`.`createdAt` FROM `main`.`AuditLog` WHERE `main`.`AuditLog`.`id` = ? LIMIT ? OFFSET ?
prisma:query COMMIT
[0mGET /api/reports/weekly [32m200[0m 67.352 ms - 360[0m
prisma:query SELECT COUNT(*) FROM (SELECT `main`.`Booking`.`id` FROM `main`.`Booking` WHERE (`main`.`Booking`.`status` = ? AND `main`.`Booking`.`updatedAt` >= ? AND `main`.`Booking`.`updatedAt` < ?) LIMIT ? OFFSET ?) AS `sub`
prisma:query SELECT COUNT(*) FROM (SELECT `main`.`Booking`.`id` FROM `main`.`Booking` WHERE (`main`.`Booking`.`createdAt` >= ? AND `main`.`Booking`.`createdAt` < ?) LIMIT ? OFFSET ?) AS `sub`
prisma:query SELECT COUNT(*), `main`.`Car`.`category` FROM `main`.`Car` WHERE 1=1 GROUP BY `main`.`Car`.`category` LIMIT ? OFFSET ?
prisma:query SELECT COUNT(*), SUM(`main`.`Payment`.`amount`), `main`.`Payment`.`method` FROM `main`.`Payment` WHERE (`main`.`Payment`.`status` = ? AND `main`.`Payment`.`paidAt` >= ? AND `main`.`Payment`.`paidAt` < ?) GROUP BY `main`.`Payment`.`method` LIMIT ? OFFSET ?
prisma:query SELECT SUM(`amount`) FROM (SELECT `main`.`Payment`.`amount` FROM `main`.`Payment` WHERE (`main`.`Payment`.`status` = ? AND `main`.`Payment`.`paidAt` >= ? AND `main`.`Payment`.`paidAt` < ?) LIMIT ? OFFSET ?) AS `sub`
prisma:query SELECT COUNT(*) FROM (SELECT `main`.`User`.`id` FROM `main`.`User` WHERE (`main`.`User`.`role` = ? AND `main`.`User`.`createdAt` >= ? AND `main`.`User`.`createdAt` < ?) LIMIT ? OFFSET ?) AS `sub`
prisma:query BEGIN IMMEDIATE
prisma:query SELECT `main`.`User`.`id` FROM `main`.`User` WHERE (`main`.`User`.`id` = ? AND 1=1) LIMIT ? OFFSET ?
prisma:query INSERT INTO `main`.`AuditLog` (`id`, `userId`, `action`, `entity`, `entityId`, `details`, `createdAt`) VALUES (?,?,?,?,?,?,?) RETURNING `id` AS `id`
prisma:query SELECT `main`.`AuditLog`.`id`, `main`.`AuditLog`.`userId`, `main`.`AuditLog`.`action`, `main`.`AuditLog`.`entity`, `main`.`AuditLog`.`entityId`, `main`.`AuditLog`.`details`, `main`.`AuditLog`.`createdAt` FROM `main`.`AuditLog` WHERE `main`.`AuditLog`.`id` = ? LIMIT ? OFFSET ?
prisma:query COMMIT
[0mGET /api/reports/daily [32m200[0m 28.473 ms - 359[0m
prisma:query SELECT COUNT(*) FROM (SELECT `main`.`User`.`id` FROM `main`.`User` WHERE (`main`.`User`.`role` = ? AND `main`.`User`.`createdAt` >= ?) LIMIT ? OFFSET ?) AS `sub`
prisma:query SELECT COUNT(*), SUM(`main`.`Payment`.`amount`), `main`.`Payment`.`method` FROM `main`.`Payment` WHERE (`main`.`Payment`.`status` = ? AND `main`.`Payment`.`paidAt` >= ?) GROUP BY `main`.`Payment`.`method` LIMIT ? OFFSET ?
prisma:query SELECT COUNT(*), `main`.`Car`.`category` FROM `main`.`Car` WHERE 1=1 GROUP BY `main`.`Car`.`category` LIMIT ? OFFSET ?
prisma:query SELECT COUNT(*) FROM (SELECT `main`.`Booking`.`id` FROM `main`.`Booking` WHERE `main`.`Booking`.`createdAt` >= ? LIMIT ? OFFSET ?) AS `sub`
prisma:query SELECT SUM(`cost`) FROM (SELECT `main`.`MaintenanceLog`.`cost` FROM `main`.`MaintenanceLog` WHERE (`main`.`MaintenanceLog`.`createdAt` >= ? AND `main`.`MaintenanceLog`.`status` = ?) LIMIT ? OFFSET ?) AS `sub`
prisma:query SELECT COUNT(*) FROM (SELECT `main`.`Booking`.`id` FROM `main`.`Booking` WHERE (`main`.`Booking`.`status` = ? AND `main`.`Booking`.`updatedAt` >= ?) LIMIT ? OFFSET ?) AS `sub`
prisma:query SELECT SUM(`amount`) FROM (SELECT `main`.`Payment`.`amount` FROM `main`.`Payment` WHERE (`main`.`Payment`.`status` = ? AND `main`.`Payment`.`paidAt` >= ?) LIMIT ? OFFSET ?) AS `sub`
prisma:query BEGIN IMMEDIATE
prisma:query SELECT `main`.`User`.`id` FROM `main`.`User` WHERE (`main`.`User`.`id` = ? AND 1=1) LIMIT ? OFFSET ?
prisma:query INSERT INTO `main`.`AuditLog` (`id`, `userId`, `action`, `entity`, `entityId`, `details`, `createdAt`) VALUES (?,?,?,?,?,?,?) RETURNING `id` AS `id`
prisma:query SELECT `main`.`AuditLog`.`id`, `main`.`AuditLog`.`userId`, `main`.`AuditLog`.`action`, `main`.`AuditLog`.`entity`, `main`.`AuditLog`.`entityId`, `main`.`AuditLog`.`details`, `main`.`AuditLog`.`createdAt` FROM `main`.`AuditLog` WHERE `main`.`AuditLog`.`id` = ? LIMIT ? OFFSET ?
prisma:query COMMIT
[0mGET /api/reports/monthly [32m200[0m 25.949 ms - 382[0m
prisma:query SELECT COUNT(*), `main`.`Car`.`category` FROM `main`.`Car` WHERE 1=1 GROUP BY `main`.`Car`.`category` LIMIT ? OFFSET ?
prisma:query SELECT COUNT(*) FROM (SELECT `main`.`Booking`.`id` FROM `main`.`Booking` WHERE (`main`.`Booking`.`status` = ? AND `main`.`Booking`.`updatedAt` >= ? AND `main`.`Booking`.`updatedAt` < ?) LIMIT ? OFFSET ?) AS `sub`
prisma:query SELECT COUNT(*), SUM(`main`.`Payment`.`amount`), `main`.`Payment`.`method` FROM `main`.`Payment` WHERE (`main`.`Payment`.`status` = ? AND `main`.`Payment`.`paidAt` >= ? AND `main`.`Payment`.`paidAt` < ?) GROUP BY `main`.`Payment`.`method` LIMIT ? OFFSET ?
prisma:query SELECT SUM(`amount`) FROM (SELECT `main`.`Payment`.`amount` FROM `main`.`Payment` WHERE (`main`.`Payment`.`status` = ? AND `main`.`Payment`.`paidAt` >= ? AND `main`.`Payment`.`paidAt` < ?) LIMIT ? OFFSET ?) AS `sub`
prisma:query SELECT COUNT(*) FROM (SELECT `main`.`User`.`id` FROM `main`.`User` WHERE (`main`.`User`.`role` = ? AND `main`.`User`.`createdAt` >= ? AND `main`.`User`.`createdAt` < ?) LIMIT ? OFFSET ?) AS `sub`
prisma:query SELECT COUNT(*) FROM (SELECT `main`.`Booking`.`id` FROM `main`.`Booking` WHERE (`main`.`Booking`.`createdAt` >= ? AND `main`.`Booking`.`createdAt` < ?) LIMIT ? OFFSET ?) AS `sub`
prisma:query BEGIN IMMEDIATE
prisma:query SELECT `main`.`User`.`id` FROM `main`.`User` WHERE (`main`.`User`.`id` = ? AND 1=1) LIMIT ? OFFSET ?
prisma:query INSERT INTO `main`.`AuditLog` (`id`, `userId`, `action`, `entity`, `entityId`, `details`, `createdAt`) VALUES (?,?,?,?,?,?,?) RETURNING `id` AS `id`
prisma:query SELECT `main`.`AuditLog`.`id`, `main`.`AuditLog`.`userId`, `main`.`AuditLog`.`action`, `main`.`AuditLog`.`entity`, `main`.`AuditLog`.`entityId`, `main`.`AuditLog`.`details`, `main`.`AuditLog`.`createdAt` FROM `main`.`AuditLog` WHERE `main`.`AuditLog`.`id` = ? LIMIT ? OFFSET ?
prisma:query COMMIT
[0mGET /api/reports/daily [32m200[0m 21.933 ms - 359[0m
[0mGET /api/health [32m200[0m 0.418 ms - 86[0m
